Determining if the pthread_create exist failed with the following output:
Change Dir: /newssd1/temp/pika/third/googletest/build/CMakeFiles/CMakeTmp

Run Build Command:/usr/bin/gmake "cmTryCompileExec1894534177/fast"
/usr/bin/gmake -f CMakeFiles/cmTryCompileExec1894534177.dir/build.make CMakeFiles/cmTryCompileExec1894534177.dir/build
gmake[1]: 进入目录“/newssd1/temp/pika/third/googletest/build/CMakeFiles/CMakeTmp”
/usr/bin/cmake -E cmake_progress_report /newssd1/temp/pika/third/googletest/build/CMakeFiles/CMakeTmp/CMakeFiles 1
Building C object CMakeFiles/cmTryCompileExec1894534177.dir/CheckSymbolExists.c.o
/opt/gcc-5.4/bin/cc    -o CMakeFiles/cmTryCompileExec1894534177.dir/CheckSymbolExists.c.o   -c /newssd1/temp/pika/third/googletest/build/CMakeFiles/CMakeTmp/CheckSymbolExists.c
Linking C executable cmTryCompileExec1894534177
/usr/bin/cmake -E cmake_link_script CMakeFiles/cmTryCompileExec1894534177.dir/link.txt --verbose=1
/opt/gcc-5.4/bin/cc       CMakeFiles/cmTryCompileExec1894534177.dir/CheckSymbolExists.c.o  -o cmTryCompileExec1894534177 -rdynamic 
CMakeFiles/cmTryCompileExec1894534177.dir/CheckSymbolExists.c.o：在函数‘main’中：
CheckSymbolExists.c:(.text+0x16)：对‘pthread_create’未定义的引用
collect2: 错误：ld 返回 1
gmake[1]: *** [cmTryCompileExec1894534177] 错误 1
gmake[1]: 离开目录“/newssd1/temp/pika/third/googletest/build/CMakeFiles/CMakeTmp”
gmake: *** [cmTryCompileExec1894534177/fast] 错误 2

File /newssd1/temp/pika/third/googletest/build/CMakeFiles/CMakeTmp/CheckSymbolExists.c:
/* */
#include <pthread.h>

int main(int argc, char** argv)
{
  (void)argv;
#ifndef pthread_create
  return ((int*)(&pthread_create))[argc];
#else
  (void)argc;
  return 0;
#endif
}

Determining if the function pthread_create exists in the pthreads failed with the following output:
Change Dir: /newssd1/temp/pika/third/googletest/build/CMakeFiles/CMakeTmp

Run Build Command:/usr/bin/gmake "cmTryCompileExec33788217/fast"
/usr/bin/gmake -f CMakeFiles/cmTryCompileExec33788217.dir/build.make CMakeFiles/cmTryCompileExec33788217.dir/build
gmake[1]: 进入目录“/newssd1/temp/pika/third/googletest/build/CMakeFiles/CMakeTmp”
/usr/bin/cmake -E cmake_progress_report /newssd1/temp/pika/third/googletest/build/CMakeFiles/CMakeTmp/CMakeFiles 1
Building C object CMakeFiles/cmTryCompileExec33788217.dir/CheckFunctionExists.c.o
/opt/gcc-5.4/bin/cc   -DCHECK_FUNCTION_EXISTS=pthread_create   -o CMakeFiles/cmTryCompileExec33788217.dir/CheckFunctionExists.c.o   -c /usr/share/cmake/Modules/CheckFunctionExists.c
Linking C executable cmTryCompileExec33788217
/usr/bin/cmake -E cmake_link_script CMakeFiles/cmTryCompileExec33788217.dir/link.txt --verbose=1
/opt/gcc-5.4/bin/cc   -DCHECK_FUNCTION_EXISTS=pthread_create    CMakeFiles/cmTryCompileExec33788217.dir/CheckFunctionExists.c.o  -o cmTryCompileExec33788217 -rdynamic -lpthreads 
/usr/bin/ld: cannot find -lpthreads
collect2: 错误：ld 返回 1
gmake[1]: *** [cmTryCompileExec33788217] 错误 1
gmake[1]: 离开目录“/newssd1/temp/pika/third/googletest/build/CMakeFiles/CMakeTmp”
gmake: *** [cmTryCompileExec33788217/fast] 错误 2


